<?xml version="1.0" encoding="UTF-8"?>
<!-- Generated by org.testng.reporters.JUnitXMLReporter -->
<testsuite ignored="0" hostname="APL-JWTQT24" failures="1" tests="3" name="Default test" time="137.142" errors="0" timestamp="2026-06-17T09:29:09 IST">
  <testcase classname="io.cucumber.testng.AbstractTestNGCucumberTests" name="runScenario" time="37.981"/>
  <testcase classname="io.cucumber.testng.AbstractTestNGCucumberTests" name="runScenario" time="58.436"/>
  <testcase classname="io.cucumber.testng.AbstractTestNGCucumberTests" name="runScenario" time="37.025">
    <failure type="java.lang.AssertionError" message="Validation Broken: Expected the login to be blocked, but the application mistakenly redirected to the dashboard screen. expected [false] but found [true]">
      <![CDATA[java.lang.AssertionError: Validation Broken: Expected the login to be blocked, but the application mistakenly redirected to the dashboard screen. expected [false] but found [true]
at org.testng.Assert.fail(Assert.java:111)
at org.testng.Assert.failNotEquals(Assert.java:1578)
at org.testng.Assert.assertFalse(Assert.java:79)
at StepDef.HRMSSteps.user_should_see_the_validation_status_as(HRMSSteps.java:54)
at ✽.user should see the validation status as "Fail"(file:///C:/Users/NI20696194/eclipse-workspace/CucumberBDDFrameworkHooks/src/test/resources/feature/HRMS.feature:7)
]]>
    </failure>
  </testcase> <!-- runScenario -->
</testsuite> <!-- Default test -->
