<?xml version="1.0" encoding="UTF-8"?>
<testng-results ignored="0" total="3" passed="2" failed="1" skipped="0">
  <reporter-output>
  </reporter-output>
  <suite started-at="2026-06-17T09:26:51 IST" name="Default suite" finished-at="2026-06-17T09:29:09 IST" duration-ms="137142">
    <groups>
      <group name="cucumber">
        <method signature="AbstractTestNGCucumberTests.runScenario(io.cucumber.testng.PickleWrapper,io.cucumber.testng.FeatureWrapper)[pri:0, instance:Runner.HRMSRunner@77c2494c]" name="runScenario" class="io.cucumber.testng.AbstractTestNGCucumberTests"/>
      </group> <!-- cucumber -->
    </groups>
    <test started-at="2026-06-17T09:26:51 IST" name="Default test" finished-at="2026-06-17T09:29:09 IST" duration-ms="137142">
      <class name="Runner.HRMSRunner">
        <test-method is-config="true" signature="setUpClass(org.testng.ITestContext)[pri:0, instance:Runner.HRMSRunner@77c2494c]" started-at="2026-06-17T09:26:52 IST" name="setUpClass" finished-at="2026-06-17T09:26:55 IST" duration-ms="3171" status="PASS">
          <params>
            <param index="0">
              <value>
                <![CDATA[org.testng.TestRunner@57402ba1]]>
              </value>
            </param>
          </params>
          <reporter-output>
          </reporter-output>
        </test-method> <!-- setUpClass -->
        <test-method signature="runScenario(io.cucumber.testng.PickleWrapper,io.cucumber.testng.FeatureWrapper)[pri:0, instance:Runner.HRMSRunner@77c2494c]" started-at="2026-06-17T09:26:55 IST" name="runScenario" description="Runs Cucumber Scenarios" data-provider="scenarios" finished-at="2026-06-17T09:27:33 IST" duration-ms="37981" status="PASS">
          <params>
            <param index="0">
              <value>
                <![CDATA["login with credentials"]]>
              </value>
            </param>
            <param index="1">
              <value>
                <![CDATA["Login to OrangeHRMS application"]]>
              </value>
            </param>
          </params>
          <reporter-output>
          </reporter-output>
        </test-method> <!-- runScenario -->
        <test-method signature="runScenario(io.cucumber.testng.PickleWrapper,io.cucumber.testng.FeatureWrapper)[pri:0, instance:Runner.HRMSRunner@77c2494c]" started-at="2026-06-17T09:27:33 IST" name="runScenario" description="Runs Cucumber Scenarios" data-provider="scenarios" finished-at="2026-06-17T09:28:31 IST" duration-ms="58436" status="PASS">
          <params>
            <param index="0">
              <value>
                <![CDATA["login with credentials"]]>
              </value>
            </param>
            <param index="1">
              <value>
                <![CDATA["Login to OrangeHRMS application"]]>
              </value>
            </param>
          </params>
          <reporter-output>
          </reporter-output>
        </test-method> <!-- runScenario -->
        <test-method signature="runScenario(io.cucumber.testng.PickleWrapper,io.cucumber.testng.FeatureWrapper)[pri:0, instance:Runner.HRMSRunner@77c2494c]" started-at="2026-06-17T09:28:31 IST" name="runScenario" description="Runs Cucumber Scenarios" data-provider="scenarios" finished-at="2026-06-17T09:29:08 IST" duration-ms="37025" status="FAIL">
          <params>
            <param index="0">
              <value>
                <![CDATA["login with credentials"]]>
              </value>
            </param>
            <param index="1">
              <value>
                <![CDATA["Login to OrangeHRMS application"]]>
              </value>
            </param>
          </params>
          <exception class="java.lang.AssertionError">
            <message>
              <![CDATA[Validation Broken: Expected the login to be blocked, but the application mistakenly redirected to the dashboard screen. expected [false] but found [true]]]>
            </message>
            <full-stacktrace>
              <![CDATA[java.lang.AssertionError: Validation Broken: Expected the login to be blocked, but the application mistakenly redirected to the dashboard screen. expected [false] but found [true]
at org.testng.Assert.fail(Assert.java:111)
at org.testng.Assert.failNotEquals(Assert.java:1578)
at org.testng.Assert.assertFalse(Assert.java:79)
at StepDef.HRMSSteps.user_should_see_the_validation_status_as(HRMSSteps.java:54)
at ✽.user should see the validation status as "Fail"(file:///C:/Users/NI20696194/eclipse-workspace/CucumberBDDFrameworkHooks/src/test/resources/feature/HRMS.feature:7)
]]>
            </full-stacktrace>
          </exception> <!-- java.lang.AssertionError -->
          <reporter-output>
          </reporter-output>
        </test-method> <!-- runScenario -->
        <test-method is-config="true" signature="tearDownClass()[pri:0, instance:Runner.HRMSRunner@77c2494c]" started-at="2026-06-17T09:29:08 IST" name="tearDownClass" finished-at="2026-06-17T09:29:09 IST" duration-ms="260" status="PASS">
          <reporter-output>
          </reporter-output>
        </test-method> <!-- tearDownClass -->
      </class> <!-- Runner.HRMSRunner -->
    </test> <!-- Default test -->
  </suite> <!-- Default suite -->
</testng-results>
